./docs/archive.1/ACTUAL_SYNTAX.md
./docs/archive.1/eggs-01/egg.001.lucas-cursor-verification.txt
./docs/archive.1/eggs-01/egg.1.api-inconsistency-audit.txt
./docs/archive.1/eggs-01/egg.1.backup-architecture.txt
./docs/archive.1/eggs-01/egg.1.backup-implementation-analysis.txt
./docs/archive.1/eggs-01/egg.1.cursor-manager-sp2.txt
./docs/archive.1/eggs-01/egg.1.final-refactor-verification.txt
./docs/archive.1/eggs-01/egg.1.lucas-sp3-verification.txt
./docs/archive.1/eggs-01/egg.1.phase1-verification.txt
./docs/archive.1/eggs-01/egg.1.prontodb-verification-report.txt
./docs/archive.1/eggs-01/egg.1.sp4-backup-verification.txt
./docs/archive.1/eggs-01/egg.1.uat-analysis.txt
./docs/archive.1/eggs-01/egg.1.xdg-path-implementation.txt
./docs/archive.1/eggs-01/egg.2.help-systems-verification.txt
./docs/archive.1/eggs-01/egg.999.prontodb-final-verification.txt
./docs/archive.1/PLAN.md
./docs/archive.1/PROJECT_SPECIFICATION_ANALYSIS.md
./docs/archive.1/README.md
./docs/archive.1/rebel-yaps/TERRITORIAL_COMPLIANCE_REPORT_20250909.md
./docs/archive.1/rebel-yaps/YAP_COMPLEX_TYPE_SIGNATURES_20250909.md
./docs/archive.1/rebel-yaps/YAP_FUNCTION_ORDINALITY_VIOLATIONS_20250909.md
./docs/archive.1/rebel-yaps/YAP_MANUAL_STD_USAGE_20250909.md
./docs/archive.1/rebel-yaps/YAP_MISSING_RSB_MACROS_20250909.md
./docs/archive.1/ROADMAP.md
./docs/archive.1/ROADMAP_MVP.md
./docs/archive.1/rsb-yaps/egg.007.rsb-compliance-mystery-revealed.txt
./docs/archive.1/rsb-yaps/rebel-root/YAP_MAJOR_RSB_VIOLATIONS_2025-09-09.md
./docs/archive.1/rsb-yaps/rebel-root/YAP_MULTI_VIOLATION_2025-09-09.md
./docs/archive.1/rsb-yaps/rebel-status/HUNT_SUMMARY_CURSOR_VIOLATIONS.md
./docs/archive.1/rsb-yaps/rebel-status/RSB_COMPLIANCE_ANALYSIS.md
./docs/archive.1/rsb-yaps/rebel-status/YAP_BROKEN_LIFECYCLE_20250908.md
./docs/archive.1/rsb-yaps/rebel-status/YAP_COMPLEX_TYPE_API_20250909.md
./docs/archive.1/rsb-yaps/rebel-status/YAP_FUNCTION_ORDINALITY_20250908.md
./docs/archive.1/rsb-yaps/rebel-status/YAP_FUNCTION_ORDINALITY_20250909.md
./docs/archive.1/rsb-yaps/rebel-status/YAP_LIFECYCLE_VIOLATIONS_20250909.md
./docs/archive.1/rsb-yaps/rebel-status/YAP_MANUAL_ENV_VAR_20250909.md
./docs/archive.1/rsb-yaps/rebel-status/YAP_MANUAL_ERROR_HANDLING_20250909.md
./docs/archive.1/rsb-yaps/rebel-status/YAP_MISSING_RSB_PRELUDE_20250909.md
./docs/archive.1/rsb-yaps/rebel-status/YAP_VALIDATION_PATTERNS_20250908.md
./docs/archive.1/rsb-yaps/rsb-defects-previous.txt
./docs/archive.1/specs/PRD.md
./docs/archive.1/specs/TEST-SPEC.md
./docs/archive.1/specs/TEST-SPEC-MVP.md
./docs/archive.1/TASKS_MVP.md
./docs/archive.1/TDD_PROCESS.md
./docs/archive/2025-09-10/ARCHIVE_MANIFEST.md
./docs/archive/2025-09-10/.eggs/egg.1.discovery-command-silence-bug.txt
./docs/archive/2025-09-10/.eggs/egg.1.prontodb-cleanup-analysis.txt
./docs/archive/2025-09-10/.eggs/egg.2.addressing-pattern-conflict-resolution.txt
./docs/archive/2025-09-10/MVP_STATUS.md
./docs/archive/2025-09-10/.session/SESSION_ITER60.md
./docs/archive/2025-09-10/SESSION_STATUS.md
./docs/archive/2025-09-10/.uat/FEATHER_CERTIFICATION_BLOCKED_v0.4.0.md
./docs/archive/2025-09-10/.uat/FEATHER_CERTIFIED_v0.4.0_BETA.md
./docs/archive/2025-09-10/.uat/FEATHER_PARTIAL_PROGRESS_v0.4.0.md
./docs/archive/2025-09-10/.uat/FEATHER_REGRESSION_01.md
./docs/archive/2025-09-10/.uat/FEATHER_USABILITY_01.md
./docs/archive/2025-09-10/.uat/FEATHER_USABILITY_02.md
./docs/archive.2/.eggs/archive/egg.1.sandbox-markdown-processing.txt
./docs/archive.2/.eggs/archive/egg.1.structure-refactor-analysis.txt
./docs/archive.2/.eggs/archive/egg.3.advanced-use-cases.txt
./docs/archive.2/.eggs/egg.100.golden-summary-comprehensive.txt
./docs/archive.2/.eggs/egg.101.pipe-xstream-revolutionary-integration.txt
./docs/archive.2/.eggs/egg.102.rsb-framework-essential-guide.txt
./docs/archive.2/.eggs/egg.1.addressing-truth.txt
./docs/archive.2/.eggs/egg.1.horus-claims-verification.txt
./docs/archive.2/.eggs/egg.1.krex-analysis-validation.txt
./docs/archive.2/.eggs/egg.1.xstream-integration-review.txt
./docs/archive.2/.eggs/egg.1.xstream-roadmap-status.txt
./docs/archive.2/.eggs/egg.2.documentation-revolutionary-updates.txt
./docs/archive.2/.eggs/egg.3.meta-namespace-implementation.txt
./docs/archive.2/.eggs/egg.3.milestone-4-validation.txt
./docs/archive.2/.eggs/egg.4.final-xstream-validation-assessment.txt
./docs/archive.2/.eggs/encoding_test.txt
./docs/archive.2/.krex/defect_analysis_2025-09-11.md
./docs/archive.2/.krex/meta_namespace_isolation_analysis_2025-09-11.md
./docs/archive.2/.krex/xstream_review_2025-09-11.md
./docs/archive.2/.session/SESSION_001.md
./docs/archive.2/.session/SESSION_63.md
./docs/archive.2/.session/SESSION_64.md
./docs/archive.2/.session/SESSION_71.md
./docs/archive.2/.uat/FEATHER_CERTIFIED_v0.6.2_BIZ1.md
./docs/archive/CROSS_AGENT_WORKFLOWS.md
./docs/archive/RFC_MD_INGESTION.md
./docs/archive/ROADMAP.md
./docs/archive/SEMANTIC_LAYER_EXAMPLE.md
./docs/archive/TASKS.md
./docs/archive/TASKS_STRUCTURE_REFACTOR.md
./docs/archive/UAT_RESULTS.md
./docs/CURSOR_CONCEPT.md
./docs/logo.txt
./docs/PIPE_CACHE_DESIGN.md
./docs/ROADMAP_XSTREAM_V7.md
./docs/SESSION_66_FINAL_NOTES.md
./docs/status/BLOCKERS.md
./docs/status/.eggs/egg.11.xdg-malformed-directories-forensic-analysis.txt
./docs/status/.eggs/egg.12.comprehensive-documentation-index.txt
./docs/status/.eggs/egg.2.requirements-constraints.txt
./docs/status/.eggs/egg.3.milestones-current-status.txt
./docs/status/.eggs/egg.4.technical-architecture-decisions.txt
./docs/status/.eggs/egg.5.success-criteria-testing-approach.txt
./docs/status/MVP_NEXT.md
./docs/status/old.ROADMAP.txt
./docs/status/PRD.md
./docs/status/ROADMAP.md
./docs/status/SESSION.md
./docs/status/TASKS.md
./docs/status/uat_plan.md
./docs/TODO.md
./README.md
./RSB_LESSONS.md
./RSB_UPDATES.md
./sandbox/bashfx-3.0-reassembled.md
./sandbox/bashfx/v3.0/1-philosophy/part1.md
./sandbox/bashfx/v3.0/2-structure/part2.md
./sandbox/bashfx/v3.0/3-interface/part3.md
./sandbox/bashfx/v3.0/4-dispatcher/part4.md
./sandbox/bashfx/v3.0/5-patterns/part5.md
./sandbox/bashfx/v3.0/6-style/part6.md
./sandbox/bashfx/v3.0/7-ai/part7.md
./sandbox/bashfx-v3.0-reassembled.md
./sandbox/BASHFX-v3.md
./SESSION.md
